<?xml version="1.0" encoding="UTF-8"?>
<!-- Generated by org.testng.reporters.JUnitXMLReporter -->
<testsuite hostname="DESKTOP-OU7DV3H" ignored="0" name="Tests.VerifyForm_Mensaje-Error_Telefono-Vacio" tests="1" failures="1" timestamp="2021-10-25T14:09:21 BOT" time="92.32" errors="0">
  <testcase name="verifyCorrectForm" time="55.287" classname="Tests.VerifyForm_5">
    <failure type="java.lang.AssertionError" message="Error expected [true] but found [false]">
      <![CDATA[java.lang.AssertionError: Error expected [true] but found [false]
at Tests.VerifyForm_5.verifyCorrectForm(VerifyForm_5.java:33)
at java.util.ArrayList.forEach(Unknown Source)
... Removed 30 stack frames]]>
    </failure>
  </testcase> <!-- verifyCorrectForm -->
</testsuite> <!-- Tests.VerifyForm_Mensaje-Error_Telefono-Vacio -->
